# JRE version: Java(TM) SE Runtime Environment (17.0.6+9) (build 17.0.6+9-LTS-190)
# Java VM: Java HotSpot(TM) 64-Bit Server VM (17.0.6+9-LTS-190, mixed mode, sharing, tiered, compressed oops, compressed class ptrs, g1 gc, linux-amd64)
GC Precious Log:
 CPUs: 8 total, 8 available
 Memory: 15818M
 Large Page Support: Disabled
 NUMA Support: Disabled
 Compressed Oops: Enabled (32-bit)
 Heap Region Size: 1M
 Heap Min Capacity: 256M
 Heap Initial Capacity: 256M
 Heap Max Capacity: 512M
 Pre-touch: Disabled
 Parallel Workers: 8
 Concurrent Workers: 2
 Concurrent Refinement Workers: 8
 Periodic GC: Disabled
Heap:
 garbage-first heap   total 262144K, used 84735K [0x00000000e0000000, 0x0000000100000000)
  region size 1024K, 32 young (32768K), 10 survivors (10240K)
 Metaspace       used 46273K, committed 46720K, reserved 356352K
  class space    used 6533K, committed 6720K, reserved 315392K
GC Heap History (20 events):
Event: 0.438 GC heap before
{Heap before GC invocations=0 (full 0):
 garbage-first heap   total 264192K, used 27620K [0x00000000e0000000, 0x0000000100000000)
  region size 1024K, 23 young (23552K), 0 survivors (0K)
 Metaspace       used 3198K, committed 3328K, reserved 323584K
  class space    used 412K, committed 448K, reserved 315392K
}
Event: 0.442 GC heap after
{Heap after GC invocations=1 (full 0):
 garbage-first heap   total 264192K, used 11299K [0x00000000e0000000, 0x0000000100000000)
  region size 1024K, 3 young (3072K), 3 survivors (3072K)
 Metaspace       used 3198K, committed 3328K, reserved 323584K
  class space    used 412K, committed 448K, reserved 315392K
}
Event: 0.725 GC heap before
{Heap before GC invocations=1 (full 0):
 garbage-first heap   total 264192K, used 48163K [0x00000000e0000000, 0x0000000100000000)
  region size 1024K, 38 young (38912K), 3 survivors (3072K)
 Metaspace       used 4932K, committed 5120K, reserved 323584K
  class space    used 659K, committed 768K, reserved 315392K
}
Event: 0.729 GC heap after
{Heap after GC invocations=2 (full 0):
 garbage-first heap   total 264192K, used 16525K [0x00000000e0000000, 0x0000000100000000)
  region size 1024K, 5 young (5120K), 5 survivors (5120K)
 Metaspace       used 4932K, committed 5120K, reserved 323584K
  class space    used 659K, committed 768K, reserved 315392K
}
Event: 2.330 GC heap before
{Heap before GC invocations=2 (full 0):
 garbage-first heap   total 264192K, used 112781K [0x00000000e0000000, 0x0000000100000000)
  region size 1024K, 100 young (102400K), 5 survivors (5120K)
 Metaspace       used 21252K, committed 21504K, reserved 339968K
  class space    used 3174K, committed 3328K, reserved 315392K
}
Event: 2.337 GC heap after
{Heap after GC invocations=3 (full 0):
 garbage-first heap   total 264192K, used 22879K [0x00000000e0000000, 0x0000000100000000)
  region size 1024K, 12 young (12288K), 12 survivors (12288K)
 Metaspace       used 21252K, committed 21504K, reserved 339968K
  class space    used 3174K, committed 3328K, reserved 315392K
}
Event: 4.306 GC heap before
{Heap before GC invocations=4 (full 0):
 garbage-first heap   total 262144K, used 158047K [0x00000000e0000000, 0x0000000100000000)
  region size 1024K, 138 young (141312K), 12 survivors (12288K)
 Metaspace       used 35687K, committed 36096K, reserved 348160K
  class space    used 5230K, committed 5440K, reserved 315392K
}
Event: 4.315 GC heap after
{Heap after GC invocations=5 (full 0):
 garbage-first heap   total 262144K, used 39801K [0x00000000e0000000, 0x0000000100000000)
  region size 1024K, 15 young (15360K), 15 survivors (15360K)
 Metaspace       used 35687K, committed 36096K, reserved 348160K
  class space    used 5230K, committed 5440K, reserved 315392K
}
Event: 6.199 GC heap before
{Heap before GC invocations=6 (full 0):
 garbage-first heap   total 262144K, used 185209K [0x00000000e0000000, 0x0000000100000000)
  region size 1024K, 153 young (156672K), 15 survivors (15360K)
 Metaspace       used 41821K, committed 42240K, reserved 356352K
  class space    used 5892K, committed 6080K, reserved 315392K
}
Event: 6.213 GC heap after
{Heap after GC invocations=7 (full 0):
 garbage-first heap   total 262144K, used 47018K [0x00000000e0000000, 0x0000000100000000)
  region size 1024K, 17 young (17408K), 17 survivors (17408K)
 Metaspace       used 41821K, committed 42240K, reserved 356352K
  class space    used 5892K, committed 6080K, reserved 315392K
}
Event: 7.116 GC heap before
{Heap before GC invocations=7 (full 0):
 garbage-first heap   total 262144K, used 195498K [0x00000000e0000000, 0x0000000100000000)
  region size 1024K, 153 young (156672K), 17 survivors (17408K)
 Metaspace       used 46089K, committed 46592K, reserved 356352K
  class space    used 6532K, committed 6720K, reserved 315392K
}
Event: 7.127 GC heap after
{Heap after GC invocations=8 (full 0):
 garbage-first heap   total 262144K, used 59627K [0x00000000e0000000, 0x0000000100000000)
  region size 1024K, 12 young (12288K), 12 survivors (12288K)
 Metaspace       used 46089K, committed 46592K, reserved 356352K
  class space    used 6532K, committed 6720K, reserved 315392K
}
Event: 7.368 GC heap before
{Heap before GC invocations=8 (full 0):
 garbage-first heap   total 262144K, used 199915K [0x00000000e0000000, 0x0000000100000000)
  region size 1024K, 149 young (152576K), 12 survivors (12288K)
 Metaspace       used 46178K, committed 46656K, reserved 356352K
  class space    used 6533K, committed 6720K, reserved 315392K
}
Event: 7.375 GC heap after
{Heap after GC invocations=9 (full 0):
 garbage-first heap   total 262144K, used 60551K [0x00000000e0000000, 0x0000000100000000)
  region size 1024K, 7 young (7168K), 7 survivors (7168K)
 Metaspace       used 46178K, committed 46656K, reserved 356352K
  class space    used 6533K, committed 6720K, reserved 315392K
}
Event: 7.610 GC heap before
{Heap before GC invocations=9 (full 0):
 garbage-first heap   total 262144K, used 203911K [0x00000000e0000000, 0x0000000100000000)
  region size 1024K, 148 young (151552K), 7 survivors (7168K)
 Metaspace       used 46228K, committed 46720K, reserved 356352K
  class space    used 6533K, committed 6720K, reserved 315392K
}
Event: 7.615 GC heap after
{Heap after GC invocations=10 (full 0):
 garbage-first heap   total 262144K, used 60020K [0x00000000e0000000, 0x0000000100000000)
  region size 1024K, 6 young (6144K), 6 survivors (6144K)
 Metaspace       used 46228K, committed 46720K, reserved 356352K
  class space    used 6533K, committed 6720K, reserved 315392K
}
Event: 7.902 GC heap before
{Heap before GC invocations=10 (full 0):
 garbage-first heap   total 262144K, used 210548K [0x00000000e0000000, 0x0000000100000000)
  region size 1024K, 153 young (156672K), 6 survivors (6144K)
 Metaspace       used 46259K, committed 46720K, reserved 356352K
  class space    used 6533K, committed 6720K, reserved 315392K
}
Event: 7.905 GC heap after
{Heap after GC invocations=11 (full 0):
 garbage-first heap   total 262144K, used 60373K [0x00000000e0000000, 0x0000000100000000)
  region size 1024K, 7 young (7168K), 7 survivors (7168K)
 Metaspace       used 46259K, committed 46720K, reserved 356352K
  class space    used 6533K, committed 6720K, reserved 315392K
}
Event: 8.160 GC heap before
{Heap before GC invocations=11 (full 0):
 garbage-first heap   total 262144K, used 209877K [0x00000000e0000000, 0x0000000100000000)
  region size 1024K, 153 young (156672K), 7 survivors (7168K)
 Metaspace       used 46271K, committed 46720K, reserved 356352K
  class space    used 6533K, committed 6720K, reserved 315392K
}
Event: 8.165 GC heap after
{Heap after GC invocations=12 (full 0):
 garbage-first heap   total 262144K, used 61510K [0x00000000e0000000, 0x0000000100000000)
  region size 1024K, 8 young (8192K), 8 survivors (8192K)
 Metaspace       used 46271K, committed 46720K, reserved 356352K
  class space    used 6533K, committed 6720K, reserved 315392K
}

